[22:09:08] [main/INFO] (FabricLoader/GameProvider) Loading Minecraft 1.20.4 with Fabric Loader 0.15.3
[22:09:09] [main/INFO] (FabricLoader) Loading 56 mods:
	- fabric-api 0.93.1+1.20.4
	- fabric-api-base 0.4.35+78d798af4f
	- fabric-api-lookup-api-v1 1.6.46+82b1bb3e4f
	- fabric-biome-api-v1 13.0.15+78d798af4f
	- fabric-block-api-v1 1.0.14+78d798af4f
	- fabric-block-view-api-v2 1.0.3+78d798af4f
	- fabric-blockrenderlayer-v1 1.1.45+78d798af4f
	- fabric-client-tags-api-v1 1.1.6+78d798af4f
	- fabric-command-api-v1 1.2.40+f71b366f4f
	- fabric-command-api-v2 2.2.19+78d798af4f
	- fabric-commands-v0 0.2.57+df3654b34f
	- fabric-containers-v0 0.1.83+df3654b34f
	- fabric-content-registries-v0 5.0.9+78d798af4f
	- fabric-convention-tags-v1 1.5.9+78d798af4f
	- fabric-crash-report-info-v1 0.2.22+78d798af4f
	- fabric-data-generation-api-v1 13.1.19+78d798af4f
	- fabric-dimensions-v1 2.1.60+78d798af4f
	- fabric-entity-events-v1 1.5.28+4ced05924f
	- fabric-events-interaction-v0 0.7.0+389931eb4f
	- fabric-events-lifecycle-v0 0.2.71+df3654b34f
	- fabric-game-rule-api-v1 1.0.45+78d798af4f
	- fabric-gametest-api-v1 1.3.0+a21facc04f
	- fabric-item-api-v1 2.1.34+78d798af4f
	- fabric-item-group-api-v1 4.0.20+78d798af4f
	- fabric-key-binding-api-v1 1.0.40+78d798af4f
	- fabric-keybindings-v0 0.2.38+df3654b34f
	- fabric-lifecycle-events-v1 2.2.29+78d798af4f
	- fabric-loot-api-v2 2.1.4+78d798af4f
	- fabric-message-api-v1 6.0.4+78d798af4f
	- fabric-mining-level-api-v1 2.1.59+78d798af4f
	- fabric-model-loading-api-v1 1.0.7+78d798af4f
	- fabric-models-v0 0.4.6+9386d8a74f
	- fabric-networking-api-v1 3.1.4+b7e146354f
	- fabric-object-builder-api-v1 13.0.8+06274a474f
	- fabric-particles-v1 1.1.6+78d798af4f
	- fabric-recipe-api-v1 2.0.17+78d798af4f
	- fabric-registry-sync-v0 4.0.15+78d798af4f
	- fabric-renderer-api-v1 3.2.3+78d798af4f
	- fabric-renderer-indigo 1.5.3+78d798af4f
	- fabric-renderer-registries-v1 3.2.50+df3654b34f
	- fabric-rendering-data-attachment-v1 0.3.41+73761d2e4f
	- fabric-rendering-fluids-v1 3.0.32+78d798af4f
	- fabric-rendering-v0 1.1.53+df3654b34f
	- fabric-rendering-v1 3.0.12+78d798af4f
	- fabric-resource-conditions-api-v1 2.3.13+78d798af4f
	- fabric-resource-loader-v0 0.11.15+78d798af4f
	- fabric-screen-api-v1 2.0.16+78d798af4f
	- fabric-screen-handler-api-v1 1.3.52+78d798af4f
	- fabric-sound-api-v1 1.0.16+78d798af4f
	- fabric-transfer-api-v1 4.0.7+e84342304f
	- fabric-transitive-access-wideners-v1 5.0.13+78d798af4f
	- fabricloader 0.15.3
	   \-- mixinextras 0.3.2
	- java 17
	- minecraft 1.20.4
	- topaz 1.0-SNAPSHOT
[22:09:09] [main/INFO] (FabricLoader/Mixin) SpongePowered MIXIN Subsystem Version=0.8.5 Source=file:/C:/Users/dontlook/.gradle/caches/modules-2/files-2.1/net.fabricmc/sponge-mixin/0.12.5+mixin.0.8.5/8d31fb97c3e0cd7c8dad3441851c523bcfae6d8e/sponge-mixin-0.12.5+mixin.0.8.5.jar Service=Knot/Fabric Env=CLIENT
[22:09:09] [main/INFO] (FabricLoader/Mixin) Loaded Fabric development mappings for mixin remapper!
[22:09:09] [main/INFO] (FabricLoader/Mixin) Compatibility level set to JAVA_17
[22:09:10] [main/INFO] (FabricLoader/MixinExtras|Service) Initializing MixinExtras via com.llamalad7.mixinextras.service.MixinExtrasServiceImpl(version=0.3.2).
[22:09:13] [Datafixer Bootstrap/INFO] (Minecraft) 198 Datafixer optimizations took 87 milliseconds
[22:09:15] [Render thread/INFO] (Minecraft) Environment: Environment[sessionHost=https://sessionserver.mojang.com, servicesHost=https://api.minecraftservices.com, name=PROD]
[22:09:15] [Render thread/INFO] (Minecraft) Setting user: Player494
[22:09:15] [Render thread/INFO] (fabric-networking-api-v1) Force Packet Serialization is enabled to mimic remote connection on single player, this is the default behaviour on dev env. Add -Dfabric-api.networking.force-packet-serialization=false JVM arg to disable it.
[22:09:15] [Render thread/INFO] (Indigo) [Indigo] Registering Indigo renderer!
[22:09:15] [Download-2/ERROR] (Minecraft) Failed to fetch user properties
com.mojang.authlib.exceptions.InvalidCredentialsException: Status: 401
	at com.mojang.authlib.exceptions.MinecraftClientHttpException.toAuthenticationException(MinecraftClientHttpException.java:59) ~[authlib-6.0.52.jar:?]
	at com.mojang.authlib.yggdrasil.YggdrasilUserApiService.fetchProperties(YggdrasilUserApiService.java:150) ~[authlib-6.0.52.jar:?]
	at net.minecraft.client.MinecraftClient.method_55608(MinecraftClient.java:467) ~[minecraft-merged-project-root-1.20.4-net.fabricmc.yarn.1_20_4.1.20.4+build.3-v2.jar:?]
	at java.util.concurrent.CompletableFuture$AsyncSupply.run(CompletableFuture.java:1768) ~[?:?]
	at java.util.concurrent.ThreadPoolExecutor.runWorker(ThreadPoolExecutor.java:1136) ~[?:?]
	at java.util.concurrent.ThreadPoolExecutor$Worker.run(ThreadPoolExecutor.java:635) ~[?:?]
	at java.lang.Thread.run(Thread.java:840) ~[?:?]
Caused by: com.mojang.authlib.exceptions.MinecraftClientHttpException: Status: 401
	at com.mojang.authlib.minecraft.client.MinecraftClient.readInputStream(MinecraftClient.java:100) ~[authlib-6.0.52.jar:?]
	at com.mojang.authlib.minecraft.client.MinecraftClient.get(MinecraftClient.java:57) ~[authlib-6.0.52.jar:?]
	at com.mojang.authlib.yggdrasil.YggdrasilUserApiService.fetchProperties(YggdrasilUserApiService.java:121) ~[authlib-6.0.52.jar:?]
	... 5 more
[22:09:16] [Render thread/INFO] (Minecraft) Backend library: LWJGL version 3.3.2-snapshot
[22:09:16] [Render thread/INFO] (Minecraft) Reloading ResourceManager: vanilla, fabric (fabric-resource-conditions-api-v1, fabric-mining-level-api-v1, fabric-entity-events-v1, fabric-rendering-fluids-v1, fabric-networking-api-v1, fabric-content-registries-v0, fabric-object-builder-api-v1, fabric-events-interaction-v0, fabric-block-view-api-v2, fabric-events-lifecycle-v0, fabric-api-lookup-api-v1, fabric-models-v0, fabric-model-loading-api-v1, fabric-loot-api-v2, fabric-sound-api-v1, fabric-particles-v1, fabric-blockrenderlayer-v1, fabricloader, fabric-transitive-access-wideners-v1, fabric-item-group-api-v1, fabric-registry-sync-v0, fabric-rendering-v0, fabric-resource-loader-v0, fabric-convention-tags-v1, fabric-item-api-v1, fabric-renderer-api-v1, fabric-renderer-registries-v1, fabric-containers-v0, fabric-biome-api-v1, fabric-rendering-v1, fabric-dimensions-v1, fabric-renderer-indigo, fabric-rendering-data-attachment-v1, fabric-command-api-v2, fabric-screen-handler-api-v1, fabric-command-api-v1, fabric-api, fabric-game-rule-api-v1, fabric-screen-api-v1, fabric-client-tags-api-v1, fabric-api-base, fabric-transfer-api-v1, fabric-block-api-v1, fabric-commands-v0, fabric-gametest-api-v1, fabric-lifecycle-events-v1, fabric-data-generation-api-v1, fabric-message-api-v1, fabric-key-binding-api-v1, fabric-recipe-api-v1, fabric-crash-report-info-v1, fabric-keybindings-v0)
[22:09:17] [Worker-Main-12/INFO] (Minecraft) Found unifont_all_no_pua-15.1.04.hex, loading
[22:09:17] [Render thread/WARN] (Minecraft) Missing sound for event: minecraft:item.goat_horn.play
[22:09:17] [Render thread/WARN] (Minecraft) Missing sound for event: minecraft:entity.goat.screaming.horn_break
[22:09:17] [Render thread/INFO] (Minecraft) OpenAL initialized on device OpenAL Soft on Headphones (High Definition Audio Device)
[22:09:17] [Render thread/INFO] (Minecraft) Sound engine started
[22:09:18] [Render thread/INFO] (Minecraft) Created: 1024x512x4 minecraft:textures/atlas/blocks.png-atlas
[22:09:18] [Render thread/INFO] (Minecraft) Created: 256x256x4 minecraft:textures/atlas/signs.png-atlas
[22:09:18] [Render thread/INFO] (Minecraft) Created: 512x512x4 minecraft:textures/atlas/banner_patterns.png-atlas
[22:09:18] [Render thread/INFO] (Minecraft) Created: 512x512x4 minecraft:textures/atlas/shield_patterns.png-atlas
[22:09:18] [Render thread/INFO] (Minecraft) Created: 1024x1024x4 minecraft:textures/atlas/armor_trims.png-atlas
[22:09:18] [Render thread/INFO] (Minecraft) Created: 128x64x4 minecraft:textures/atlas/decorated_pot.png-atlas
[22:09:18] [Render thread/INFO] (Minecraft) Created: 256x256x4 minecraft:textures/atlas/chest.png-atlas
[22:09:18] [Render thread/INFO] (Minecraft) Created: 512x256x4 minecraft:textures/atlas/beds.png-atlas
[22:09:18] [Render thread/INFO] (Minecraft) Created: 512x256x4 minecraft:textures/atlas/shulker_boxes.png-atlas
[22:09:18] [Render thread/WARN] (Minecraft) Shader rendertype_entity_translucent_emissive could not find sampler named Sampler2 in the specified shader program.
[22:09:18] [Render thread/INFO] (Minecraft) Created: 512x256x0 minecraft:textures/atlas/particles.png-atlas
[22:09:18] [Render thread/INFO] (Minecraft) Created: 256x256x0 minecraft:textures/atlas/paintings.png-atlas
[22:09:18] [Render thread/INFO] (Minecraft) Created: 128x128x0 minecraft:textures/atlas/mob_effects.png-atlas
[22:09:18] [Render thread/INFO] (Minecraft) Created: 1024x512x0 minecraft:textures/atlas/gui.png-atlas
[22:09:18] [IO-Worker-1/INFO] (Minecraft) Could not authorize you against Realms server: Invalid session id
[22:09:18] [IO-Worker-1/ERROR] (Minecraft) Couldn't connect to realms
net.minecraft.client.realms.exception.RealmsServiceException: Realms authentication error with message 'Invalid session id'
	at net.minecraft.client.realms.RealmsClient.execute(RealmsClient.java:447) ~[minecraft-merged-project-root-1.20.4-net.fabricmc.yarn.1_20_4.1.20.4+build.3-v2.jar:?]
	at net.minecraft.client.realms.RealmsClient.clientCompatible(RealmsClient.java:232) ~[minecraft-merged-project-root-1.20.4-net.fabricmc.yarn.1_20_4.1.20.4+build.3-v2.jar:?]
	at net.minecraft.client.realms.RealmsAvailability.method_52627(RealmsAvailability.java:45) ~[minecraft-merged-project-root-1.20.4-net.fabricmc.yarn.1_20_4.1.20.4+build.3-v2.jar:?]
	at java.util.concurrent.CompletableFuture$AsyncSupply.run(CompletableFuture.java:1768) ~[?:?]
	at java.util.concurrent.ThreadPoolExecutor.runWorker(ThreadPoolExecutor.java:1136) ~[?:?]
	at java.util.concurrent.ThreadPoolExecutor$Worker.run(ThreadPoolExecutor.java:635) ~[?:?]
	at java.lang.Thread.run(Thread.java:840) ~[?:?]
[22:09:24] [Render thread/INFO] (Minecraft) Loaded 7 recipes
[22:09:25] [Render thread/INFO] (Minecraft) Loaded 1271 advancements
[22:09:25] [Render thread/INFO] (BiomeModificationImpl) Applied 0 biome modifications to 0 of 64 new biomes in 1.222 ms
[22:09:25] [Server thread/INFO] (Minecraft) Starting integrated minecraft server version 1.20.4
[22:09:25] [Server thread/INFO] (Minecraft) Generating keypair
[22:09:26] [Server thread/INFO] (Minecraft) Preparing start region for dimension minecraft:overworld
[22:09:27] [Render thread/INFO] (Minecraft) Preparing spawn area: 0%
[22:09:27] [Render thread/INFO] (Minecraft) Preparing spawn area: 0%
[22:09:27] [Render thread/INFO] (Minecraft) Preparing spawn area: 0%
[22:09:27] [Render thread/INFO] (Minecraft) Preparing spawn area: 0%
[22:09:28] [Render thread/INFO] (Minecraft) Preparing spawn area: 6%
[22:09:28] [Render thread/INFO] (Minecraft) Time elapsed: 2269 ms
[22:09:28] [Server thread/INFO] (Minecraft) Changing view distance to 2, from 10
[22:09:28] [Server thread/INFO] (Minecraft) Changing simulation distance to 5, from 0
[22:09:29] [Server thread/INFO] (Minecraft) Player494[local:E:7eaffdad] logged in with entity id 163 at (24.342282033784855, 68.0, 97.20700424626222)
[22:09:29] [Server thread/INFO] (Minecraft) Player494 joined the game
[22:09:29] [Render thread/INFO] (Minecraft) Loaded 11 advancements
[22:09:33] [Render thread/INFO] (Minecraft) [System] [CHAT] Unknown or incomplete command, see below for error
[22:09:33] [Render thread/INFO] (Minecraft) [System] [CHAT] .fly 3<--[HERE]
[22:09:35] [Render thread/INFO] (Minecraft) [System] [CHAT] Unknown or incomplete command, see below for error
[22:09:35] [Render thread/INFO] (Minecraft) [System] [CHAT] .fly 2<--[HERE]
[22:09:37] [Render thread/WARN] (ClientCommandInternals) Error while executing client-sided command '.fly'
java.lang.IllegalArgumentException: No such argument 'speed' exists on this command
	at com.mojang.brigadier.context.CommandContext.getArgument(CommandContext.java:102) ~[brigadier-1.2.9.jar:?]
	at dev.daydreamers.topaz.client.utils.Command.lambda$onCommand$12(Command.java:70) ~[main/:?]
	at com.mojang.brigadier.context.ContextChain.runExecutable(ContextChain.java:73) ~[brigadier-1.2.9.jar:?]
	at com.mojang.brigadier.context.ContextChain.executeAll(ContextChain.java:88) ~[brigadier-1.2.9.jar:?]
	at com.mojang.brigadier.CommandDispatcher.execute(CommandDispatcher.java:228) ~[brigadier-1.2.9.jar:?]
	at com.mojang.brigadier.CommandDispatcher.execute(CommandDispatcher.java:179) ~[brigadier-1.2.9.jar:?]
	at com.mojang.brigadier.CommandDispatcher.execute(CommandDispatcher.java:144) ~[brigadier-1.2.9.jar:?]
	at net.fabricmc.fabric.impl.command.client.ClientCommandInternals.executeCommand(ClientCommandInternals.java:85) ~[fabric-command-api-v2-2.2.19+78d798af4f.jar:?]
	at net.minecraft.client.network.ClientPlayNetworkHandler.handler$zja000$fabric-command-api-v2$onSendCommand(ClientPlayNetworkHandler.java:3511) ~[minecraft-merged-project-root-1.20.4-net.fabricmc.yarn.1_20_4.1.20.4+build.3-v2.jar:?]
	at net.minecraft.client.network.ClientPlayNetworkHandler.sendChatCommand(ClientPlayNetworkHandler.java) ~[minecraft-merged-project-root-1.20.4-net.fabricmc.yarn.1_20_4.1.20.4+build.3-v2.jar:?]
	at net.minecraft.client.gui.screen.ChatScreen.sendMessage(ChatScreen.java:249) ~[minecraft-merged-project-root-1.20.4-net.fabricmc.yarn.1_20_4.1.20.4+build.3-v2.jar:?]
	at net.minecraft.client.gui.screen.ChatScreen.keyPressed(ChatScreen.java:98) ~[minecraft-merged-project-root-1.20.4-net.fabricmc.yarn.1_20_4.1.20.4+build.3-v2.jar:?]
	at net.minecraft.client.Keyboard.method_1454(Keyboard.java:407) ~[minecraft-merged-project-root-1.20.4-net.fabricmc.yarn.1_20_4.1.20.4+build.3-v2.jar:?]
	at net.minecraft.client.gui.screen.Screen.wrapScreenError(Screen.java:414) ~[minecraft-merged-project-root-1.20.4-net.fabricmc.yarn.1_20_4.1.20.4+build.3-v2.jar:?]
	at net.minecraft.client.Keyboard.onKey(Keyboard.java:403) ~[minecraft-merged-project-root-1.20.4-net.fabricmc.yarn.1_20_4.1.20.4+build.3-v2.jar:?]
	at net.minecraft.client.Keyboard.method_22678(Keyboard.java:492) ~[minecraft-merged-project-root-1.20.4-net.fabricmc.yarn.1_20_4.1.20.4+build.3-v2.jar:?]
	at net.minecraft.util.thread.ThreadExecutor.execute(ThreadExecutor.java:102) ~[minecraft-merged-project-root-1.20.4-net.fabricmc.yarn.1_20_4.1.20.4+build.3-v2.jar:?]
	at net.minecraft.client.Keyboard.method_22676(Keyboard.java:492) ~[minecraft-merged-project-root-1.20.4-net.fabricmc.yarn.1_20_4.1.20.4+build.3-v2.jar:?]
	at org.lwjgl.glfw.GLFWKeyCallbackI.callback(GLFWKeyCallbackI.java:44) ~[lwjgl-glfw-3.3.2.jar:build 13]
	at org.lwjgl.system.JNI.invokeV(Native Method) ~[lwjgl-3.3.2.jar:build 13]
	at org.lwjgl.glfw.GLFW.glfwPollEvents(GLFW.java:3438) ~[lwjgl-glfw-3.3.2.jar:build 13]
	at com.mojang.blaze3d.systems.RenderSystem.pollEvents(RenderSystem.java:202) ~[minecraft-merged-project-root-1.20.4-net.fabricmc.yarn.1_20_4.1.20.4+build.3-v2.jar:?]
	at com.mojang.blaze3d.systems.RenderSystem.flipFrame(RenderSystem.java:213) ~[minecraft-merged-project-root-1.20.4-net.fabricmc.yarn.1_20_4.1.20.4+build.3-v2.jar:?]
	at net.minecraft.client.util.Window.swapBuffers(Window.java:287) ~[minecraft-merged-project-root-1.20.4-net.fabricmc.yarn.1_20_4.1.20.4+build.3-v2.jar:?]
	at net.minecraft.client.MinecraftClient.render(MinecraftClient.java:1349) ~[minecraft-merged-project-root-1.20.4-net.fabricmc.yarn.1_20_4.1.20.4+build.3-v2.jar:?]
	at net.minecraft.client.MinecraftClient.run(MinecraftClient.java:888) ~[minecraft-merged-project-root-1.20.4-net.fabricmc.yarn.1_20_4.1.20.4+build.3-v2.jar:?]
	at net.minecraft.client.main.Main.main(Main.java:265) ~[minecraft-merged-project-root-1.20.4-net.fabricmc.yarn.1_20_4.1.20.4+build.3-v2.jar:?]
	at net.fabricmc.loader.impl.game.minecraft.MinecraftGameProvider.launch(MinecraftGameProvider.java:470) ~[fabric-loader-0.15.3.jar:?]
	at net.fabricmc.loader.impl.launch.knot.Knot.launch(Knot.java:74) ~[fabric-loader-0.15.3.jar:?]
	at net.fabricmc.loader.impl.launch.knot.KnotClient.main(KnotClient.java:23) ~[fabric-loader-0.15.3.jar:?]
	at net.fabricmc.devlaunchinjector.Main.main(Main.java:86) ~[dev-launch-injector-0.2.1+build.8.jar:?]
[22:09:37] [Render thread/INFO] (Minecraft) [System] [CHAT] No such argument 'speed' exists on this command
[22:09:42] [Render thread/WARN] (ClientCommandInternals) Error while executing client-sided command '.fly'
java.lang.IllegalArgumentException: No such argument 'speed' exists on this command
	at com.mojang.brigadier.context.CommandContext.getArgument(CommandContext.java:102) ~[brigadier-1.2.9.jar:?]
	at dev.daydreamers.topaz.client.utils.Command.lambda$onCommand$12(Command.java:70) ~[main/:?]
	at com.mojang.brigadier.context.ContextChain.runExecutable(ContextChain.java:73) ~[brigadier-1.2.9.jar:?]
	at com.mojang.brigadier.context.ContextChain.executeAll(ContextChain.java:88) ~[brigadier-1.2.9.jar:?]
	at com.mojang.brigadier.CommandDispatcher.execute(CommandDispatcher.java:228) ~[brigadier-1.2.9.jar:?]
	at com.mojang.brigadier.CommandDispatcher.execute(CommandDispatcher.java:179) ~[brigadier-1.2.9.jar:?]
	at com.mojang.brigadier.CommandDispatcher.execute(CommandDispatcher.java:144) ~[brigadier-1.2.9.jar:?]
	at net.fabricmc.fabric.impl.command.client.ClientCommandInternals.executeCommand(ClientCommandInternals.java:85) ~[fabric-command-api-v2-2.2.19+78d798af4f.jar:?]
	at net.minecraft.client.network.ClientPlayNetworkHandler.handler$zja000$fabric-command-api-v2$onSendCommand(ClientPlayNetworkHandler.java:3511) ~[minecraft-merged-project-root-1.20.4-net.fabricmc.yarn.1_20_4.1.20.4+build.3-v2.jar:?]
	at net.minecraft.client.network.ClientPlayNetworkHandler.sendChatCommand(ClientPlayNetworkHandler.java) ~[minecraft-merged-project-root-1.20.4-net.fabricmc.yarn.1_20_4.1.20.4+build.3-v2.jar:?]
	at net.minecraft.client.gui.screen.ChatScreen.sendMessage(ChatScreen.java:249) ~[minecraft-merged-project-root-1.20.4-net.fabricmc.yarn.1_20_4.1.20.4+build.3-v2.jar:?]
	at net.minecraft.client.gui.screen.ChatScreen.keyPressed(ChatScreen.java:98) ~[minecraft-merged-project-root-1.20.4-net.fabricmc.yarn.1_20_4.1.20.4+build.3-v2.jar:?]
	at net.minecraft.client.Keyboard.method_1454(Keyboard.java:407) ~[minecraft-merged-project-root-1.20.4-net.fabricmc.yarn.1_20_4.1.20.4+build.3-v2.jar:?]
	at net.minecraft.client.gui.screen.Screen.wrapScreenError(Screen.java:414) ~[minecraft-merged-project-root-1.20.4-net.fabricmc.yarn.1_20_4.1.20.4+build.3-v2.jar:?]
	at net.minecraft.client.Keyboard.onKey(Keyboard.java:403) ~[minecraft-merged-project-root-1.20.4-net.fabricmc.yarn.1_20_4.1.20.4+build.3-v2.jar:?]
	at net.minecraft.client.Keyboard.method_22678(Keyboard.java:492) ~[minecraft-merged-project-root-1.20.4-net.fabricmc.yarn.1_20_4.1.20.4+build.3-v2.jar:?]
	at net.minecraft.util.thread.ThreadExecutor.execute(ThreadExecutor.java:102) ~[minecraft-merged-project-root-1.20.4-net.fabricmc.yarn.1_20_4.1.20.4+build.3-v2.jar:?]
	at net.minecraft.client.Keyboard.method_22676(Keyboard.java:492) ~[minecraft-merged-project-root-1.20.4-net.fabricmc.yarn.1_20_4.1.20.4+build.3-v2.jar:?]
	at org.lwjgl.glfw.GLFWKeyCallbackI.callback(GLFWKeyCallbackI.java:44) ~[lwjgl-glfw-3.3.2.jar:build 13]
	at org.lwjgl.system.JNI.invokeV(Native Method) ~[lwjgl-3.3.2.jar:build 13]
	at org.lwjgl.glfw.GLFW.glfwPollEvents(GLFW.java:3438) ~[lwjgl-glfw-3.3.2.jar:build 13]
	at com.mojang.blaze3d.systems.RenderSystem.pollEvents(RenderSystem.java:202) ~[minecraft-merged-project-root-1.20.4-net.fabricmc.yarn.1_20_4.1.20.4+build.3-v2.jar:?]
	at com.mojang.blaze3d.systems.RenderSystem.flipFrame(RenderSystem.java:213) ~[minecraft-merged-project-root-1.20.4-net.fabricmc.yarn.1_20_4.1.20.4+build.3-v2.jar:?]
	at net.minecraft.client.util.Window.swapBuffers(Window.java:287) ~[minecraft-merged-project-root-1.20.4-net.fabricmc.yarn.1_20_4.1.20.4+build.3-v2.jar:?]
	at net.minecraft.client.MinecraftClient.render(MinecraftClient.java:1349) ~[minecraft-merged-project-root-1.20.4-net.fabricmc.yarn.1_20_4.1.20.4+build.3-v2.jar:?]
	at net.minecraft.client.MinecraftClient.run(MinecraftClient.java:888) ~[minecraft-merged-project-root-1.20.4-net.fabricmc.yarn.1_20_4.1.20.4+build.3-v2.jar:?]
	at net.minecraft.client.main.Main.main(Main.java:265) ~[minecraft-merged-project-root-1.20.4-net.fabricmc.yarn.1_20_4.1.20.4+build.3-v2.jar:?]
	at net.fabricmc.loader.impl.game.minecraft.MinecraftGameProvider.launch(MinecraftGameProvider.java:470) ~[fabric-loader-0.15.3.jar:?]
	at net.fabricmc.loader.impl.launch.knot.Knot.launch(Knot.java:74) ~[fabric-loader-0.15.3.jar:?]
	at net.fabricmc.loader.impl.launch.knot.KnotClient.main(KnotClient.java:23) ~[fabric-loader-0.15.3.jar:?]
	at net.fabricmc.devlaunchinjector.Main.main(Main.java:86) ~[dev-launch-injector-0.2.1+build.8.jar:?]
[22:09:42] [Render thread/INFO] (Minecraft) [System] [CHAT] No such argument 'speed' exists on this command
[22:09:44] [Render thread/INFO] (Minecraft) Stopping!
[22:09:44] [Server thread/INFO] (Minecraft) Player494 lost connection: Disconnected
[22:09:44] [Server thread/INFO] (Minecraft) Player494 left the game
[22:09:44] [Server thread/INFO] (Minecraft) Stopping singleplayer server as player logged out
[22:09:44] [Server thread/INFO] (Minecraft) Stopping server
[22:09:44] [Server thread/INFO] (Minecraft) Saving players
[22:09:44] [Server thread/INFO] (Minecraft) Saving worlds
[22:09:44] [Server thread/INFO] (Minecraft) Saving chunks for level 'ServerLevel[New World]'/minecraft:overworld
[22:09:45] [Server thread/INFO] (Minecraft) Saving chunks for level 'ServerLevel[New World]'/minecraft:the_nether
[22:09:45] [Server thread/INFO] (Minecraft) Saving chunks for level 'ServerLevel[New World]'/minecraft:the_end
[22:09:45] [Server thread/INFO] (Minecraft) ThreadedAnvilChunkStorage (New World): All chunks are saved
[22:09:45] [Server thread/INFO] (Minecraft) ThreadedAnvilChunkStorage (DIM-1): All chunks are saved
[22:09:45] [Server thread/INFO] (Minecraft) ThreadedAnvilChunkStorage (DIM1): All chunks are saved
[22:09:45] [Server thread/INFO] (Minecraft) ThreadedAnvilChunkStorage: All dimensions are saved
